<?xml version="1.0" encoding="UTF-8"?>
<!-- Generated by org.testng.reporters.JUnitReportReporter -->
<testsuite hostname="LAPTOP-B8EOM3LC" failures="0" tests="2" name="testClasses.VerifyUserCanGetLowestPriceProduct" time="6.677" errors="0" timestamp="2022-10-14T01:18:59 IST" skipped="0">
  <testcase classname="testClasses.VerifyUserCanGetLowestPriceProduct" name="verifyUserAbleToSearchProduct" time="3.688"/>
  <system-out/>
  <testcase classname="testClasses.VerifyUserCanGetLowestPriceProduct" name="getLowestPriceofProductFromEachPage" time="2.989"/>
  <system-out/>
</testsuite> <!-- testClasses.VerifyUserCanGetLowestPriceProduct -->
