<?xml version="1.0" encoding="UTF-8"?>
<!-- Generated by org.testng.reporters.JUnitReportReporter -->
<testsuite hostname="LAPTOP-B8EOM3LC" failures="0" tests="1" name="testClasses.VerifyUserCanLogin" time="2.344" errors="0" timestamp="2022-10-17T00:31:01 IST" skipped="0">
  <testcase classname="testClasses.VerifyUserCanLogin" name="VerifyUserCanLogIn" time="2.344"/>
  <system-out/>
</testsuite> <!-- testClasses.VerifyUserCanLogin -->
