<?xml version="1.0" encoding="UTF-8"?>
<!-- Generated by org.testng.reporters.JUnitReportReporter -->
<testsuite hostname="LAPTOP-B8EOM3LC" failures="0" tests="7" name="testClasses.VerifyUserCanAddNewAddresses" time="3.376" errors="0" timestamp="2022-10-17T00:31:01 IST" skipped="0">
  <testcase classname="testClasses.VerifyUserCanAddNewAddresses" name="verifyUserCanOpenProfilePage" time="0.254"/>
  <system-out/>
  <testcase classname="testClasses.VerifyUserCanAddNewAddresses" name="verifyUserIsOnProfilPage" time="0.228"/>
  <system-out/>
  <testcase classname="testClasses.VerifyUserCanAddNewAddresses" name="verifyUserAbleToAddAddress" time="0.918"/>
  <system-out/>
  <testcase classname="testClasses.VerifyUserCanAddNewAddresses" name="verifyUserAbleToAddAddress" time="0.671"/>
  <system-out/>
  <testcase classname="testClasses.VerifyUserCanAddNewAddresses" name="addAddress" time="0.131"/>
  <system-out/>
  <testcase classname="testClasses.VerifyUserCanAddNewAddresses" name="verifyUserAbleToAddAddress" time="0.675"/>
  <system-out/>
  <testcase classname="testClasses.VerifyUserCanAddNewAddresses" name="verifyUserAbleToAddAddress" time="0.499"/>
  <system-out/>
</testsuite> <!-- testClasses.VerifyUserCanAddNewAddresses -->
