<?xml version="1.0" encoding="UTF-8"?>
<!-- Generated by org.testng.reporters.JUnitReportReporter -->
<testsuite hostname="LAPTOP-B8EOM3LC" failures="0" tests="7" name="testClasses.VerifyUserCanAddNewAddresses" time="3.235" errors="0" timestamp="2022-10-14T01:18:59 IST" skipped="0">
  <testcase classname="testClasses.VerifyUserCanAddNewAddresses" name="verifyUserCanOpenProfilePage" time="0.166"/>
  <system-out/>
  <testcase classname="testClasses.VerifyUserCanAddNewAddresses" name="verifyUserIsOnProfilPage" time="0.445"/>
  <system-out/>
  <testcase classname="testClasses.VerifyUserCanAddNewAddresses" name="addAddress" time="0.121"/>
  <system-out/>
  <testcase classname="testClasses.VerifyUserCanAddNewAddresses" name="verifyUserAbleToAddAddress" time="0.576"/>
  <system-out/>
  <testcase classname="testClasses.VerifyUserCanAddNewAddresses" name="verifyUserAbleToAddAddress" time="0.633"/>
  <system-out/>
  <testcase classname="testClasses.VerifyUserCanAddNewAddresses" name="verifyUserAbleToAddAddress" time="0.605"/>
  <system-out/>
  <testcase classname="testClasses.VerifyUserCanAddNewAddresses" name="verifyUserAbleToAddAddress" time="0.689"/>
  <system-out/>
</testsuite> <!-- testClasses.VerifyUserCanAddNewAddresses -->
