<?xml version="1.0" encoding="UTF-8"?>
<!-- Generated by org.testng.reporters.JUnitReportReporter -->
<testsuite hostname="LAPTOP-B8EOM3LC" failures="0" tests="1" name="testClasses.VerifyUserCanLogin" time="2.359" errors="0" timestamp="2022-10-14T01:18:59 IST" skipped="0">
  <testcase classname="testClasses.VerifyUserCanLogin" name="test1" time="2.359"/>
  <system-out/>
</testsuite> <!-- testClasses.VerifyUserCanLogin -->
